[2025-01-07 00:57:50.430 -08:00] [INF] [132] Emby.Server.Implementations.ScheduledTasks.TaskManager: "Clean Transcode Directory" Completed after 0 minute(s) and 0 seconds
[2025-01-07 00:57:51.143 -08:00] [INF] [133] Emby.Server.Implementations.ScheduledTasks.TaskManager: "Update Plugins" Completed after 0 minute(s) and 0 seconds
[2025-01-07 01:57:51.406 -08:00] [INF] [22] Emby.Server.Implementations.ScheduledTasks.TaskManager: "Audio Normalization" Completed after 0 minute(s) and 0 seconds
[2025-01-07 01:57:51.433 -08:00] [INF] [90] Emby.Server.Implementations.ScheduledTasks.TaskManager: "Download missing lyrics" Completed after 0 minute(s) and 0 seconds
[2025-01-07 01:57:51.448 -08:00] [INF] [90] Emby.Server.Implementations.ScheduledTasks.TaskManager: "Clean Cache Directory" Completed after 0 minute(s) and 0 seconds
[2025-01-07 01:57:51.465 -08:00] [INF] [90] Emby.Server.Implementations.ScheduledTasks.TaskManager: "Download missing subtitles" Completed after 0 minute(s) and 0 seconds
[2025-01-07 01:57:51.483 -08:00] [INF] [22] Emby.Server.Implementations.ScheduledTasks.TaskManager: "Clean Log Directory" Completed after 0 minute(s) and 0 seconds
[2025-01-07 01:57:51.494 -08:00] [INF] [22] Emby.Server.Implementations.ScheduledTasks.TaskManager: "TasksRefreshChannels" Completed after 0 minute(s) and 0 seconds
[2025-01-07 01:57:51.505 -08:00] [INF] [90] Emby.Server.Implementations.ScheduledTasks.Tasks.OptimizeDatabaseTask: Optimizing and vacuuming jellyfin.db...
[2025-01-07 01:57:51.514 -08:00] [INF] [90] Emby.Server.Implementations.ScheduledTasks.Tasks.OptimizeDatabaseTask: jellyfin.db optimized successfully!
[2025-01-07 01:57:51.514 -08:00] [INF] [90] Emby.Server.Implementations.ScheduledTasks.TaskManager: "Optimize database" Completed after 0 minute(s) and 0 seconds
[2025-01-07 02:00:00.000 -08:00] [INF] [23] Emby.Server.Implementations.ScheduledTasks.TaskManager: "Extract Chapter Images" Completed after 0 minute(s) and 0 seconds
[2025-01-07 02:00:01.000 -08:00] [INF] [126] Emby.Server.Implementations.ScheduledTasks.TaskManager: Daily trigger for "Extract Chapter Images" set to fire at 2025-01-08 02:00:00.000 -08:00, which is 23:59:58.9990560 from now.
[2025-01-07 02:31:24.525 -08:00] [INF] [60] Emby.Server.Implementations.ScheduledTasks.TaskManager: "Media Segment Scan" Completed after 0 minute(s) and 0 seconds
[2025-01-07 02:31:24.551 -08:00] [INF] [49] Emby.Server.Implementations.Library.LibraryManager: Validating media library
[2025-01-07 02:31:24.552 -08:00] [WRN] [49] MediaBrowser.Controller.Entities.BaseItem: Library folder "/config/data/data/playlists" is inaccessible or empty, skipping
[2025-01-07 02:31:24.554 -08:00] [WRN] [60] MediaBrowser.Controller.Entities.BaseItem: Library folder "/config/data/data/playlists" is inaccessible or empty, skipping
[2025-01-07 02:31:24.555 -08:00] [INF] [60] Emby.Server.Implementations.ScheduledTasks.TaskManager: "Scan Media Library" Completed after 0 minute(s) and 0 seconds
[2025-01-07 02:57:55.492 -08:00] [INF] [24] Jellyfin.LiveTv.Guide.GuideManager: Refreshing guide with 7 days of guide data
[2025-01-07 02:57:55.494 -08:00] [INF] [24] Emby.Server.Implementations.ScheduledTasks.TaskManager: "Refresh Guide" Completed after 0 minute(s) and 3 seconds
[2025-01-07 03:00:00.000 -08:00] [INF] [110] Emby.Server.Implementations.ScheduledTasks.TaskManager: "Generate Trickplay Images" Completed after 0 minute(s) and 0 seconds
[2025-01-07 03:00:01.000 -08:00] [INF] [110] Emby.Server.Implementations.ScheduledTasks.TaskManager: Daily trigger for "Generate Trickplay Images" set to fire at 2025-01-08 03:00:00.000 -08:00, which is 23:59:58.9999334 from now.
[2025-01-07 14:32:25.527 -08:00] [INF] [118] Emby.Server.Implementations.ScheduledTasks.TaskManager: "Media Segment Scan" Completed after 0 minute(s) and 0 seconds
[2025-01-07 14:32:25.553 -08:00] [INF] [23] Emby.Server.Implementations.Library.LibraryManager: Validating media library
[2025-01-07 14:32:25.555 -08:00] [WRN] [23] MediaBrowser.Controller.Entities.BaseItem: Library folder "/config/data/data/playlists" is inaccessible or empty, skipping
[2025-01-07 14:32:25.556 -08:00] [WRN] [118] MediaBrowser.Controller.Entities.BaseItem: Library folder "/config/data/data/playlists" is inaccessible or empty, skipping
[2025-01-07 14:32:25.558 -08:00] [INF] [118] Emby.Server.Implementations.ScheduledTasks.TaskManager: "Scan Media Library" Completed after 0 minute(s) and 0 seconds
