[2025-01-09 00:59:52.431 -08:00] [INF] [24] Emby.Server.Implementations.ScheduledTasks.TaskManager: "Clean Transcode Directory" Completed after 0 minute(s) and 0 seconds
[2025-01-09 00:59:53.044 -08:00] [INF] [24] Emby.Server.Implementations.ScheduledTasks.TaskManager: "Update Plugins" Completed after 0 minute(s) and 0 seconds
[2025-01-09 01:24:23.461 -08:00] [INF] [127] Emby.Server.Implementations.Library.LibraryManager: People validation complete
[2025-01-09 01:24:23.461 -08:00] [INF] [127] Emby.Server.Implementations.ScheduledTasks.TaskManager: "Refresh People" Completed after 0 minute(s) and 0 seconds
[2025-01-09 01:59:53.409 -08:00] [INF] [117] Emby.Server.Implementations.ScheduledTasks.TaskManager: "Audio Normalization" Completed after 0 minute(s) and 0 seconds
[2025-01-09 01:59:53.434 -08:00] [INF] [82] Emby.Server.Implementations.ScheduledTasks.TaskManager: "Download missing lyrics" Completed after 0 minute(s) and 0 seconds
[2025-01-09 01:59:53.450 -08:00] [INF] [117] Emby.Server.Implementations.ScheduledTasks.TaskManager: "Clean Cache Directory" Completed after 0 minute(s) and 0 seconds
[2025-01-09 01:59:53.466 -08:00] [INF] [82] Emby.Server.Implementations.ScheduledTasks.TaskManager: "Download missing subtitles" Completed after 0 minute(s) and 0 seconds
[2025-01-09 01:59:53.486 -08:00] [INF] [82] Emby.Server.Implementations.ScheduledTasks.TaskManager: "Clean Log Directory" Completed after 0 minute(s) and 0 seconds
[2025-01-09 01:59:53.497 -08:00] [INF] [117] Emby.Server.Implementations.ScheduledTasks.TaskManager: "TasksRefreshChannels" Completed after 0 minute(s) and 0 seconds
[2025-01-09 01:59:53.508 -08:00] [INF] [82] Emby.Server.Implementations.ScheduledTasks.Tasks.OptimizeDatabaseTask: Optimizing and vacuuming jellyfin.db...
[2025-01-09 01:59:53.514 -08:00] [INF] [82] Emby.Server.Implementations.ScheduledTasks.Tasks.OptimizeDatabaseTask: jellyfin.db optimized successfully!
[2025-01-09 01:59:53.514 -08:00] [INF] [82] Emby.Server.Implementations.ScheduledTasks.TaskManager: "Optimize database" Completed after 0 minute(s) and 0 seconds
[2025-01-09 01:59:59.999 -08:00] [INF] [117] Emby.Server.Implementations.ScheduledTasks.TaskManager: "Extract Chapter Images" Completed after 0 minute(s) and 0 seconds
[2025-01-09 02:00:00.999 -08:00] [INF] [117] Emby.Server.Implementations.ScheduledTasks.TaskManager: Daily trigger for "Extract Chapter Images" set to fire at 2025-01-10 02:00:00.000 -08:00, which is 23:59:59.0005086 from now.
[2025-01-09 02:35:28.531 -08:00] [INF] [27] Emby.Server.Implementations.ScheduledTasks.TaskManager: "Media Segment Scan" Completed after 0 minute(s) and 0 seconds
[2025-01-09 02:35:28.555 -08:00] [INF] [27] Emby.Server.Implementations.Library.LibraryManager: Validating media library
[2025-01-09 02:35:28.557 -08:00] [WRN] [27] MediaBrowser.Controller.Entities.BaseItem: Library folder "/config/data/data/playlists" is inaccessible or empty, skipping
[2025-01-09 02:35:28.558 -08:00] [WRN] [27] MediaBrowser.Controller.Entities.BaseItem: Library folder "/config/data/data/playlists" is inaccessible or empty, skipping
[2025-01-09 02:35:28.560 -08:00] [INF] [27] Emby.Server.Implementations.ScheduledTasks.TaskManager: "Scan Media Library" Completed after 0 minute(s) and 0 seconds
[2025-01-09 02:59:57.496 -08:00] [INF] [21] Jellyfin.LiveTv.Guide.GuideManager: Refreshing guide with 7 days of guide data
[2025-01-09 02:59:57.497 -08:00] [INF] [21] Emby.Server.Implementations.ScheduledTasks.TaskManager: "Refresh Guide" Completed after 0 minute(s) and 3 seconds
[2025-01-09 03:00:00.000 -08:00] [INF] [21] Emby.Server.Implementations.ScheduledTasks.TaskManager: "Generate Trickplay Images" Completed after 0 minute(s) and 0 seconds
[2025-01-09 03:00:01.000 -08:00] [INF] [93] Emby.Server.Implementations.ScheduledTasks.TaskManager: Daily trigger for "Generate Trickplay Images" set to fire at 2025-01-10 03:00:00.000 -08:00, which is 23:59:58.9997926 from now.
[2025-01-09 14:36:29.532 -08:00] [INF] [108] Emby.Server.Implementations.ScheduledTasks.TaskManager: "Media Segment Scan" Completed after 0 minute(s) and 0 seconds
[2025-01-09 14:36:29.557 -08:00] [INF] [35] Emby.Server.Implementations.Library.LibraryManager: Validating media library
[2025-01-09 14:36:29.558 -08:00] [WRN] [35] MediaBrowser.Controller.Entities.BaseItem: Library folder "/config/data/data/playlists" is inaccessible or empty, skipping
[2025-01-09 14:36:29.560 -08:00] [WRN] [108] MediaBrowser.Controller.Entities.BaseItem: Library folder "/config/data/data/playlists" is inaccessible or empty, skipping
[2025-01-09 14:36:29.562 -08:00] [INF] [108] Emby.Server.Implementations.ScheduledTasks.TaskManager: "Scan Media Library" Completed after 0 minute(s) and 0 seconds
